<?xml version="1.0" encoding="UTF-8" ?>
<testsuite tests="1" failures="0" name="flipkart.AppTest" time="0.008" errors="0" skipped="0">
  <properties>
    <property name="idea.version" value="2022.2.3"/>
    <property name="java.runtime.name" value="Java(TM) SE Runtime Environment"/>
    <property name="java.vm.version" value="17.0.1+12-LTS-39"/>
    <property name="sun.boot.library.path" value="C:\Program Files\Java\jdk-17.0.1\bin"/>
    <property name="maven.multiModuleProjectDirectory" value="C:\Users\Jacek\Documents\GitHub\sample-maven-project"/>
    <property name="java.vm.vendor" value="Oracle Corporation"/>
    <property name="java.vendor.url" value="https://java.oracle.com/"/>
    <property name="guice.disable.misplaced.annotation.check" value="true"/>
    <property name="path.separator" value=";"/>
    <property name="java.vm.name" value="Java HotSpot(TM) 64-Bit Server VM"/>
    <property name="sun.os.patch.level" value=""/>
    <property name="user.script" value=""/>
    <property name="user.country" value="PL"/>
    <property name="sun.java.launcher" value="SUN_STANDARD"/>
    <property name="java.vm.specification.name" value="Java Virtual Machine Specification"/>
    <property name="user.dir" value="C:\Users\Jacek\Documents\GitHub\sample-maven-project"/>
    <property name="java.vm.compressedOopsMode" value="32-bit"/>
    <property name="java.runtime.version" value="17.0.1+12-LTS-39"/>
    <property name="os.arch" value="amd64"/>
    <property name="java.io.tmpdir" value="C:\Users\Jacek\AppData\Local\Temp\"/>
    <property name="line.separator" value="
"/>
    <property name="java.vm.specification.vendor" value="Oracle Corporation"/>
    <property name="user.variant" value=""/>
    <property name="os.name" value="Windows 10"/>
    <property name="maven.ext.class.path" value="C:\Program Files\JetBrains\IntelliJ IDEA Community Edition 2022.2.3\plugins\maven\lib\maven-event-listener.jar"/>
    <property name="classworlds.conf" value="C:\Program Files\JetBrains\IntelliJ IDEA Community Edition 2022.2.3\plugins\maven\lib\maven3\bin\m2.conf"/>
    <property name="sun.jnu.encoding" value="Cp1250"/>
    <property name="java.library.path" value="C:\Program Files\Java\jdk-17.0.1\bin;C:\WINDOWS\Sun\Java\bin;C:\WINDOWS\system32;C:\WINDOWS;C:\devtools\java8;C:\devtools\java8\bin;C:\devtools\JDK_12________;C:\devtools\JDK_12\bin__________;C:\Program Files\Java\jdk-17.0.1___;C:\Program Files\Java\jdk-17.0.1\bin__;C:\devtools\JDK_14____________________;C:\devtools\JDK_14\bin______________________;C:\Program Files\Common Files\Oracle\Java\javapath;C:\Program Files (x86)\Intel\iCLS Client\;C:\Program Files\Intel\iCLS Client\;C:\WINDOWS\system32;C:\WINDOWS;C:\WINDOWS\System32\Wbem;C:\WINDOWS\System32\WindowsPowerShell\v1.0\;C:\Program Files\Intel\Intel(R) Management Engine Components\DAL;C:\Program Files (x86)\Intel\Intel(R) Management Engine Components\DAL;C:\Program Files\Intel\Intel(R) Management Engine Components\IPT;C:\Program Files (x86)\Intel\Intel(R) Management Engine Components\IPT;C:\Program Files\Intel\WiFi\bin\;C:\Program Files\Common Files\Intel\WirelessCommon\;c:\apache-tomcat-8.5.53;c:\apache-tomcat-8.5.53\bin;c:\apache-ant-1.9.6;c:\apache-ant-1.9.6\bin;c:\devtools\apache-maven-3.8.5;c:\devtools\apache-maven-3.8.5\bin;C:\Program Files\Git\cmd;C:\Program Files\nodejs;C:\Users\Jacek\AppData\Roaming\npm;C:\Program Files\Microchip\xc8\v2.31\bin;C:\WINDOWS\System32\OpenSSH\;C:\ProgramData\chocolatey\bin;c:\Gradle\gradle-7.3.3\bin;c:\Gradle\gradle-7.3.3;c:\Gradle\gradle-7.3.3\bin;C:\Program Files\dotnet\;C:\Program Files (x86)\NVIDIA Corporation\PhysX\Common;C:\Program Files\NVIDIA Corporation\NVIDIA NvDLISR;c:\Python310\Scripts;c:\Python310;c:\Users\Jacek\anaconda3;c:\Users\Jacek\anaconda3\Scripts;c:\Users\Jacek\anaconda3\Library\bin;C:\Program Files\PuTTY\;c:\devtools\node-v10.16.2_____________;c:\devtools\node-v10.16.2\node_modules\npm____________;c:\devtools\node-v10.16.2\node_modules\npm\bin____________;C:\devtools\node-v16.18.0;C:\devtools\nexus\nexus-2.15.1-02;C:\devtools\nexus\nexus-2.15.1-02\bin;C:\devtools\apache-maven-3.8.5;C:\devtools\apache-maven-3.8.5\bin;C:\Users\Jacek\Documents\JAVA\SpringBoot;C:\Users\Jacek\anaconda3;C:\Users\Jacek\anaconda3\Library\mingw-w64\bin;C:\Users\Jacek\anaconda3\Library\usr\bin;C:\Users\Jacek\anaconda3\Library\bin;C:\Users\Jacek\anaconda3\Scripts;C:\Program Files\MySQL\MySQL Shell 8.0\bin\;C:\Program Files\nodejs\;C:\Program Files\JetBrains\WebStorm 2022.2.1\bin;;C:\Program Files\heroku\bin;C:\Program Files\JetBrains\DataGrip 2021.2.4\bin;;C:\Users\Jacek\AppData\Local\Microsoft\WindowsApps;C:\Users\Jacek\AppData\Local\Programs\Microsoft VS Code\bin;C:\Program Files\JetBrains\IntelliJ IDEA 2022.2.2\bin;;C:\Users\Jacek\AppData\Roaming\npm;C:\Program Files\JetBrains\IntelliJ IDEA Community Edition 2022.2.3\bin;;C:\Users\Jacek\Documents\JAVA\SpringBoot;;."/>
    <property name="maven.conf" value="C:\Program Files\JetBrains\IntelliJ IDEA Community Edition 2022.2.3\plugins\maven\lib\maven3/conf"/>
    <property name="jdk.debug" value="release"/>
    <property name="java.class.version" value="61.0"/>
    <property name="java.specification.name" value="Java Platform API Specification"/>
    <property name="sun.management.compiler" value="HotSpot 64-Bit Tiered Compilers"/>
    <property name="os.version" value="10.0"/>
    <property name="user.home" value="C:\Users\Jacek"/>
    <property name="user.timezone" value="Europe/Warsaw"/>
    <property name="file.encoding" value="UTF-8"/>
    <property name="java.specification.version" value="17"/>
    <property name="user.name" value="Jacek"/>
    <property name="java.class.path" value="C:\Program Files\JetBrains\IntelliJ IDEA Community Edition 2022.2.3\plugins\maven\lib\maven3\boot\plexus-classworlds-2.6.0.jar;C:\Program Files\JetBrains\IntelliJ IDEA Community Edition 2022.2.3\plugins\maven\lib\maven3\boot\plexus-classworlds.license"/>
    <property name="java.vm.specification.version" value="17"/>
    <property name="sun.arch.data.model" value="64"/>
    <property name="sun.java.command" value="org.codehaus.classworlds.Launcher -Didea.version=2022.2.3 package"/>
    <property name="java.home" value="C:\Program Files\Java\jdk-17.0.1"/>
    <property name="user.language" value="pl"/>
    <property name="java.specification.vendor" value="Oracle Corporation"/>
    <property name="java.vm.info" value="mixed mode, sharing"/>
    <property name="java.version" value="17.0.1"/>
    <property name="native.encoding" value="Cp1250"/>
    <property name="java.vendor" value="Oracle Corporation"/>
    <property name="maven.home" value="C:\Program Files\JetBrains\IntelliJ IDEA Community Edition 2022.2.3\plugins\maven\lib\maven3"/>
    <property name="file.separator" value="\"/>
    <property name="java.version.date" value="2021-10-19"/>
    <property name="java.vendor.url.bug" value="https://bugreport.java.com/bugreport/"/>
    <property name="sun.io.unicode.encoding" value="UnicodeLittle"/>
    <property name="sun.cpu.endian" value="little"/>
    <property name="sun.cpu.isalist" value="amd64"/>
  </properties>
  <testcase classname="flipkart.AppTest" name="testApp" time="0.008"/>
</testsuite>